[debug] [2026-03-24T03:08:35.988Z] ----------------------------------------------------------------------
[debug] [2026-03-24T03:08:35.993Z] Command:       /opt/homebrew/Cellar/node@20/20.19.6/bin/node /opt/homebrew/bin/firebase init
[debug] [2026-03-24T03:08:35.993Z] CLI Version:   15.4.0
[debug] [2026-03-24T03:08:35.993Z] Platform:      darwin
[debug] [2026-03-24T03:08:35.993Z] Node Version:  v20.19.6
[debug] [2026-03-24T03:08:35.993Z] Time:          Tue Mar 24 2026 10:08:35 GMT+0700 (Indochina Time)
[debug] [2026-03-24T03:08:35.993Z] ----------------------------------------------------------------------
[debug] 
[debug] [2026-03-24T03:08:35.994Z] >>> [apiv2][query] GET https://firebase-public.firebaseio.com/cli.json [none]
[info] 
     ######## #### ########  ######## ########     ###     ######  ########
     ##        ##  ##     ## ##       ##     ##  ##   ##  ##       ##
     ######    ##  ########  ######   ########  #########  ######  ######
     ##        ##  ##    ##  ##       ##     ## ##     ##       ## ##
     ##       #### ##     ## ######## ########  ##     ##  ######  ########

You're about to initialize a Firebase project in this directory:

  /Users/thanhhhtt/repos/2533/sa/CustomWebServer

[debug] [2026-03-24T03:08:37.202Z] <<< [apiv2][status] GET https://firebase-public.firebaseio.com/cli.json 200
[debug] [2026-03-24T03:08:37.202Z] <<< [apiv2][body] GET https://firebase-public.firebaseio.com/cli.json {"cloudBuildErrorAfter":1594252800000,"cloudBuildWarnAfter":1590019200000,"defaultNode10After":1594252800000,"minVersion":"3.0.5","node8DeploysDisabledAfter":1613390400000,"node8RuntimeDisabledAfter":1615809600000,"node8WarnAfter":1600128000000}
[debug] [2026-03-24T03:08:59.095Z] ExitPromptError: User force closed the prompt with SIGINT
    at Interface.sigint (/opt/homebrew/lib/node_modules/firebase-tools/node_modules/@inquirer/core/dist/commonjs/lib/create-prompt.js:101:37)
    at Interface.emit (node:events:524:28)
    at [_ttyWrite] [as _ttyWrite] (node:internal/readline/interface:1134:18)
    at ReadStream.onkeypress (node:internal/readline/interface:267:20)
    at ReadStream.emit (node:events:536:35)
    at emitKeys (node:internal/readline/utils:371:14)
    at emitKeys.next (<anonymous>)
    at ReadStream.onData (node:internal/readline/emitKeypressEvents:64:36)
    at ReadStream.emit (node:events:524:28)
    at addChunk (node:internal/streams/readable:561:12)
[error] 
[error] Error: An unexpected error has occurred.
